<?xml version="1.0" encoding="UTF-8"?>
<testng-results skipped="0" failed="0" ignored="0" total="1" passed="1">
  <reporter-output>
  </reporter-output>
  <suite name="Default suite" duration-ms="18427" started-at="2017-06-23T06:38:57Z" finished-at="2017-06-23T06:39:15Z">
    <groups>
    </groups>
    <test name="Default test" duration-ms="18427" started-at="2017-06-23T06:38:57Z" finished-at="2017-06-23T06:39:15Z">
      <class name="assignment_2.huffpost">
        <test-method status="PASS" signature="method_1()[pri:0, instance:assignment_2.huffpost@573f2bb1]" name="method_1" duration-ms="18409" started-at="2017-06-23T12:08:57Z" finished-at="2017-06-23T12:09:15Z">
          <reporter-output>
          </reporter-output>
        </test-method> <!-- method_1 -->
      </class> <!-- assignment_2.huffpost -->
    </test> <!-- Default test -->
  </suite> <!-- Default suite -->
</testng-results>
